<?xml version="1.0" encoding="UTF-8"?>
<testsuite name="com.example.first.service.MemberServiceTest" tests="1" skipped="0" failures="0" errors="0" timestamp="2024-06-07T17:04:38" hostname="Nehirui-MacBookPro.local" time="0.39">
  <properties/>
  <testcase name="signUp()" classname="com.example.first.service.MemberServiceTest" time="0.39"/>
  <system-out><![CDATA[02:04:37.623 [Test worker] INFO org.springframework.test.context.support.AnnotationConfigContextLoaderUtils -- Could not detect default configuration classes for test class [com.example.first.service.MemberServiceTest]: MemberServiceTest does not declare any static, non-private, non-final, nested classes annotated with @Configuration.
02:04:37.655 [Test worker] INFO org.springframework.boot.test.context.SpringBootTestContextBootstrapper -- Found @SpringBootConfiguration com.example.first.FirstApplication for test class com.example.first.service.MemberServiceTest
02:04:37.696 [Test worker] INFO org.springframework.boot.devtools.restart.RestartApplicationListener -- Restart disabled due to context in which it is running
  .   ____          _            __ _ _
 /\\ / ___'_ __ _ _(_)_ __  __ _ \ \ \ \
( ( )\___ | '_ | '_| | '_ \/ _` | \ \ \ \
 \\/  ___)| |_)| | | | | || (_| |  ) ) ) )
  '  |____| .__|_| |_|_| |_\__, | / / / /
 =========|_|==============|___/=/_/_/_/

 :: Spring Boot ::                (v3.3.0)

2024-06-08T02:04:37.777+09:00  INFO 65689 --- [first] [    Test worker] c.e.first.service.MemberServiceTest      : Starting MemberServiceTest using Java 21.0.3 with PID 65689 (started by nehir in /Users/nehir/IdeaProjects/study-spring/first)
2024-06-08T02:04:37.777+09:00  INFO 65689 --- [first] [    Test worker] c.e.first.service.MemberServiceTest      : No active profile set, falling back to 1 default profile: "default"
2024-06-08T02:04:38.150+09:00  INFO 65689 --- [first] [    Test worker] com.zaxxer.hikari.HikariDataSource       : HikariPool-1 - Starting...
2024-06-08T02:04:38.222+09:00  INFO 65689 --- [first] [    Test worker] com.zaxxer.hikari.pool.HikariPool        : HikariPool-1 - Added connection conn0: url=jdbc:h2:~/test user=SA
2024-06-08T02:04:38.222+09:00  INFO 65689 --- [first] [    Test worker] com.zaxxer.hikari.HikariDataSource       : HikariPool-1 - Start completed.
2024-06-08T02:04:38.226+09:00  INFO 65689 --- [first] [    Test worker] o.s.b.a.h2.H2ConsoleAutoConfiguration    : H2 console available at '/h2-console'. Database available at 'jdbc:h2:~/test'
2024-06-08T02:04:38.261+09:00  INFO 65689 --- [first] [    Test worker] c.e.first.service.MemberServiceTest      : Started MemberServiceTest in 0.566 seconds (process running for 0.952)
]]></system-out>
  <system-err><![CDATA[WARNING: A Java agent has been loaded dynamically (/Users/nehir/.gradle/caches/modules-2/files-2.1/net.bytebuddy/byte-buddy-agent/1.14.16/4a451ee6484abac3a498df0f3b33ed00a6fced4d/byte-buddy-agent-1.14.16.jar)
WARNING: If a serviceability tool is in use, please run with -XX:+EnableDynamicAgentLoading to hide this warning
WARNING: If a serviceability tool is not in use, please run with -Djdk.instrument.traceUsage for more information
WARNING: Dynamic loading of agents will be disallowed by default in a future release
]]></system-err>
</testsuite>
